[INFO] 00:15:22 ts-node-dev ver. 2.0.0 (using ts-node ver. 10.9.2, typescript ver. 6.0.3)
◇ injected env (5) from .env // tip: ◈ encrypted .env [www.dotenvx.com]
Server running on port 3001
[0mGET /api/health [33m404[0m 6.095 ms - 149[0m
[0mGET /api/health [33m404[0m 1.089 ms - 149[0m
[0mGET /api/health [33m404[0m 0.492 ms - 149[0m
[0mGET /api/health [33m404[0m 0.333 ms - 149[0m
[0mGET /api/health [33m404[0m 0.579 ms - 149[0m
[0mGET /api/health [33m404[0m 0.372 ms - 149[0m
[0mGET /api/health [33m404[0m 0.350 ms - 149[0m
[0mGET /api/health [33m404[0m 0.494 ms - 149[0m
[0mGET /api/health [33m404[0m 0.558 ms - 149[0m
[0mGET /api/health [33m404[0m 0.515 ms - 149[0m
[0mGET /api/health [33m404[0m 0.495 ms - 149[0m
[0mGET /api/health [33m404[0m 0.247 ms - 149[0m
[0mGET /api/health [33m404[0m 0.197 ms - 149[0m
[0mGET /api/health [33m404[0m 0.370 ms - 149[0m
[0mGET /api/health [33m404[0m 0.370 ms - 149[0m
[0mGET /api/health [33m404[0m 0.255 ms - 149[0m
[0mGET /api/health [33m404[0m 0.246 ms - 149[0m
[0mGET /api/health [33m404[0m 0.654 ms - 149[0m
[0mGET /api/health [33m404[0m 0.253 ms - 149[0m
[0mGET /api/health [33m404[0m 0.375 ms - 149[0m
[0mGET /api/health [33m404[0m 0.384 ms - 149[0m
[0mGET /api/health [33m404[0m 0.442 ms - 149[0m
[0mGET /api/health [33m404[0m 0.464 ms - 149[0m
[0mGET /api/health [33m404[0m 0.409 ms - 149[0m
[0mGET /api/health [33m404[0m 0.236 ms - 149[0m
[0mGET /api/health [33m404[0m 0.282 ms - 149[0m
[0mGET /api/health [33m404[0m 0.432 ms - 149[0m
[0mGET /api/health [33m404[0m 0.306 ms - 149[0m
prisma:query SELECT "public"."users"."id", "public"."users"."email", "public"."users"."password_hash", "public"."users"."first_name", "public"."users"."last_name", "public"."users"."phone", "public"."users"."avatar_url", "public"."users"."email_verified_at", "public"."users"."is_active", "public"."users"."created_at", "public"."users"."updated_at", "public"."users"."deleted_at" FROM "public"."users" WHERE ("public"."users"."email" = $1 AND 1=1) LIMIT $2 OFFSET $3
prisma:query SELECT "public"."user_roles"."id", "public"."user_roles"."user_id", "public"."user_roles"."role_id", "public"."user_roles"."consortium_id", "public"."user_roles"."created_at", "public"."user_roles"."updated_at", "public"."user_roles"."deleted_at" FROM "public"."user_roles" WHERE ("public"."user_roles"."deleted_at" IS NULL AND "public"."user_roles"."user_id" = $1) OFFSET $2
prisma:query SELECT "public"."roles"."id", "public"."roles"."name"::text, "public"."roles"."description", "public"."roles"."created_at", "public"."roles"."updated_at", "public"."roles"."deleted_at" FROM "public"."roles" WHERE "public"."roles"."id" IN ($1) OFFSET $2
[0mPOST /api/auth/login [32m200[0m 410.484 ms - 815[0m
prisma:query SELECT "public"."users"."id", "public"."users"."email", "public"."users"."password_hash", "public"."users"."first_name", "public"."users"."last_name", "public"."users"."phone", "public"."users"."avatar_url", "public"."users"."email_verified_at", "public"."users"."is_active", "public"."users"."created_at", "public"."users"."updated_at", "public"."users"."deleted_at" FROM "public"."users" WHERE ("public"."users"."email" = $1 AND 1=1) LIMIT $2 OFFSET $3
prisma:query SELECT "public"."user_roles"."id", "public"."user_roles"."user_id", "public"."user_roles"."role_id", "public"."user_roles"."consortium_id", "public"."user_roles"."created_at", "public"."user_roles"."updated_at", "public"."user_roles"."deleted_at" FROM "public"."user_roles" WHERE ("public"."user_roles"."deleted_at" IS NULL AND "public"."user_roles"."user_id" = $1) OFFSET $2
prisma:query SELECT "public"."roles"."id", "public"."roles"."name"::text, "public"."roles"."description", "public"."roles"."created_at", "public"."roles"."updated_at", "public"."roles"."deleted_at" FROM "public"."roles" WHERE "public"."roles"."id" IN ($1) OFFSET $2
[0mPOST /api/auth/login [32m200[0m 147.182 ms - 815[0m
prisma:query SELECT "public"."users"."id", "public"."users"."email", "public"."users"."password_hash", "public"."users"."first_name", "public"."users"."last_name", "public"."users"."phone", "public"."users"."avatar_url", "public"."users"."email_verified_at", "public"."users"."is_active", "public"."users"."created_at", "public"."users"."updated_at", "public"."users"."deleted_at" FROM "public"."users" WHERE ("public"."users"."id" = $1 AND "public"."users"."deleted_at" IS NULL) LIMIT $2 OFFSET $3
prisma:query SELECT "public"."user_roles"."id", "public"."user_roles"."user_id", "public"."user_roles"."role_id", "public"."user_roles"."consortium_id", "public"."user_roles"."created_at", "public"."user_roles"."updated_at", "public"."user_roles"."deleted_at" FROM "public"."user_roles" WHERE ("public"."user_roles"."deleted_at" IS NULL AND "public"."user_roles"."user_id" IN ($1)) OFFSET $2
prisma:query SELECT "public"."roles"."id", "public"."roles"."name"::text, "public"."roles"."description", "public"."roles"."created_at", "public"."roles"."updated_at", "public"."roles"."deleted_at" FROM "public"."roles" WHERE "public"."roles"."id" IN ($1) OFFSET $2
prisma:query SELECT "public"."owners"."id", "public"."owners"."user_id", "public"."owners"."dni", "public"."owners"."tax_id", "public"."owners"."bank_info", "public"."owners"."notes", "public"."owners"."created_at", "public"."owners"."updated_at", "public"."owners"."deleted_at" FROM "public"."owners" WHERE "public"."owners"."user_id" IN ($1) OFFSET $2
prisma:query SELECT "public"."tenants"."id", "public"."tenants"."user_id", "public"."tenants"."lease_start", "public"."tenants"."lease_end", "public"."tenants"."deposit_amount", "public"."tenants"."notes", "public"."tenants"."created_at", "public"."tenants"."updated_at", "public"."tenants"."deleted_at" FROM "public"."tenants" WHERE "public"."tenants"."user_id" IN ($1) OFFSET $2
prisma:query SELECT "public"."managers"."id", "public"."managers"."user_id", "public"."managers"."title", "public"."managers"."is_supervisor", "public"."managers"."notes", "public"."managers"."created_at", "public"."managers"."updated_at", "public"."managers"."deleted_at" FROM "public"."managers" WHERE "public"."managers"."user_id" IN ($1) OFFSET $2
[0mGET /api/auth/me [32m200[0m 96.109 ms - 848[0m
prisma:query SELECT "public"."consortia"."id", "public"."consortia"."name", "public"."consortia"."tax_id", "public"."consortia"."address", "public"."consortia"."city", "public"."consortia"."province", "public"."consortia"."zip_code", "public"."consortia"."phone", "public"."consortia"."email", "public"."consortia"."logo_url", "public"."consortia"."created_at", "public"."consortia"."updated_at", "public"."consortia"."deleted_at" FROM "public"."consortia" WHERE "public"."consortia"."deleted_at" IS NULL ORDER BY "public"."consortia"."created_at" DESC LIMIT $1 OFFSET $2
prisma:query SELECT "public"."users"."id", "public"."users"."email", "public"."users"."password_hash", "public"."users"."first_name", "public"."users"."last_name", "public"."users"."phone", "public"."users"."avatar_url", "public"."users"."email_verified_at", "public"."users"."is_active", "public"."users"."created_at", "public"."users"."updated_at", "public"."users"."deleted_at" FROM "public"."users" WHERE "public"."users"."deleted_at" IS NULL OFFSET $1
prisma:query SELECT COUNT(*) AS "_count$_all" FROM (SELECT "public"."consortia"."id" FROM "public"."consortia" WHERE "public"."consortia"."deleted_at" IS NULL OFFSET $1) AS "sub"
prisma:query COMMIT
[0mGET /api/consortiums [32m200[0m 36.394 ms - 1166[0m
prisma:query SELECT "public"."user_roles"."id", "public"."user_roles"."user_id", "public"."user_roles"."role_id", "public"."user_roles"."consortium_id", "public"."user_roles"."created_at", "public"."user_roles"."updated_at", "public"."user_roles"."deleted_at" FROM "public"."user_roles" WHERE "public"."user_roles"."user_id" IN ($1,$2,$3,$4,$5,$6,$7,$8,$9,$10,$11,$12,$13,$14,$15,$16,$17,$18,$19,$20,$21,$22,$23,$24,$25,$26,$27) OFFSET $28
[0mGET /api/users [32m200[0m 18.441 ms - 12960[0m
[ELIFECYCLE] Command failed with exit code 4294967295.
