[INFO] 17:21:32 ts-node-dev ver. 2.0.0 (using ts-node ver. 10.9.2, typescript ver. 6.0.3)
◇ injected env (5) from .env // tip: ⌘ enable debugging { debug: true }
Server running on port 3001
prisma:query SELECT "public"."users"."id", "public"."users"."email", "public"."users"."password_hash", "public"."users"."first_name", "public"."users"."last_name", "public"."users"."phone", "public"."users"."avatar_url", "public"."users"."email_verified_at", "public"."users"."is_active", "public"."users"."created_at", "public"."users"."updated_at", "public"."users"."deleted_at" FROM "public"."users" WHERE ("public"."users"."email" = $1 AND 1=1) LIMIT $2 OFFSET $3
prisma:query SELECT "public"."user_roles"."id", "public"."user_roles"."user_id", "public"."user_roles"."role_id", "public"."user_roles"."consortium_id", "public"."user_roles"."created_at", "public"."user_roles"."updated_at", "public"."user_roles"."deleted_at" FROM "public"."user_roles" WHERE ("public"."user_roles"."deleted_at" IS NULL AND "public"."user_roles"."user_id" = $1) OFFSET $2
prisma:query SELECT "public"."roles"."id", "public"."roles"."name"::text, "public"."roles"."description", "public"."roles"."created_at", "public"."roles"."updated_at", "public"."roles"."deleted_at" FROM "public"."roles" WHERE "public"."roles"."id" IN ($1,$2) OFFSET $3
[0mPOST /api/auth/login [32m200[0m 516.193 ms - 1277[0m
prisma:query SELECT "public"."owners"."id", "public"."owners"."user_id", "public"."owners"."dni", "public"."owners"."tax_id", "public"."owners"."bank_info", "public"."owners"."notes", "public"."owners"."created_at", "public"."owners"."updated_at", "public"."owners"."deleted_at" FROM "public"."owners" WHERE ("public"."owners"."user_id" = $1 AND "public"."owners"."deleted_at" IS NULL) LIMIT $2 OFFSET $3
prisma:query SELECT "public"."apartments"."id" FROM "public"."apartments" WHERE ("public"."apartments"."owner_id" = $1 AND "public"."apartments"."deleted_at" IS NULL) OFFSET $2
prisma:query SELECT "public"."documents"."id", "public"."documents"."uploaded_by_id", "public"."documents"."consortium_id", "public"."documents"."building_id", "public"."documents"."apartment_id", "public"."documents"."ticket_id", "public"."documents"."name", "public"."documents"."file_url", "public"."documents"."file_type", "public"."documents"."file_size", "public"."documents"."category", "public"."documents"."created_at", "public"."documents"."updated_at", "public"."documents"."deleted_at" FROM "public"."documents" WHERE ("public"."documents"."deleted_at" IS NULL AND ("public"."documents"."apartment_id" IN ($1) OR ("public"."documents"."apartment_id" IS NULL AND "public"."documents"."building_id" IS NULL AND "public"."documents"."consortium_id" IS NULL))) ORDER BY "public"."documents"."created_at" DESC LIMIT $2 OFFSET $3
prisma:query SELECT "public"."users"."id", "public"."users"."first_name", "public"."users"."last_name" FROM "public"."users" WHERE "public"."users"."id" IN ($1,$2,$3) OFFSET $4
prisma:query SELECT "public"."apartments"."id", "public"."apartments"."unit_number" FROM "public"."apartments" WHERE "public"."apartments"."id" IN ($1,$2,$3) OFFSET $4
prisma:query SELECT COUNT(*) AS "_count$_all" FROM (SELECT "public"."documents"."id" FROM "public"."documents" WHERE ("public"."documents"."deleted_at" IS NULL AND ("public"."documents"."apartment_id" IN ($1) OR ("public"."documents"."apartment_id" IS NULL AND "public"."documents"."building_id" IS NULL AND "public"."documents"."consortium_id" IS NULL))) OFFSET $2) AS "sub"
prisma:query COMMIT
[0mGET /api/documents?limit=50 [32m200[0m 58.568 ms - 1723[0m
prisma:query SELECT "public"."owners"."id", "public"."owners"."user_id", "public"."owners"."dni", "public"."owners"."tax_id", "public"."owners"."bank_info", "public"."owners"."notes", "public"."owners"."created_at", "public"."owners"."updated_at", "public"."owners"."deleted_at" FROM "public"."owners" WHERE "public"."owners"."deleted_at" IS NULL ORDER BY "public"."owners"."created_at" DESC LIMIT $1 OFFSET $2
prisma:query SELECT "public"."users"."id", "public"."users"."email", "public"."users"."first_name", "public"."users"."last_name" FROM "public"."users" WHERE "public"."users"."id" IN ($1,$2,$3,$4,$5,$6,$7,$8,$9,$10,$11,$12) OFFSET $13
prisma:query SELECT COUNT(*) AS "_count$_all" FROM (SELECT "public"."owners"."id" FROM "public"."owners" WHERE "public"."owners"."deleted_at" IS NULL OFFSET $1) AS "sub"
prisma:query COMMIT
[0mGET /api/owners [32m200[0m 14.353 ms - 4732[0m
prisma:query SELECT "public"."owners"."id", "public"."owners"."user_id", "public"."owners"."dni", "public"."owners"."tax_id", "public"."owners"."bank_info", "public"."owners"."notes", "public"."owners"."created_at", "public"."owners"."updated_at", "public"."owners"."deleted_at" FROM "public"."owners" WHERE ("public"."owners"."id" = $1 AND "public"."owners"."deleted_at" IS NULL) LIMIT $2 OFFSET $3
prisma:query SELECT "public"."users"."id", "public"."users"."email", "public"."users"."first_name", "public"."users"."last_name", "public"."users"."phone" FROM "public"."users" WHERE "public"."users"."id" IN ($1) OFFSET $2
prisma:query SELECT "public"."apartments"."id", "public"."apartments"."building_id", "public"."apartments"."unit_number", "public"."apartments"."floor", "public"."apartments"."bedrooms", "public"."apartments"."bathrooms", "public"."apartments"."area_m2", "public"."apartments"."parking_spots", "public"."apartments"."storage_units", "public"."apartments"."status", "public"."apartments"."owner_id", "public"."apartments"."tenant_id", "public"."apartments"."created_at", "public"."apartments"."updated_at", "public"."apartments"."deleted_at" FROM "public"."apartments" WHERE ("public"."apartments"."owner_id" = $1 AND "public"."apartments"."deleted_at" IS NULL) ORDER BY "public"."apartments"."created_at" DESC OFFSET $2
prisma:query SELECT "public"."buildings"."id", "public"."buildings"."name", "public"."buildings"."consortium_id" FROM "public"."buildings" WHERE "public"."buildings"."id" IN ($1) OFFSET $2
prisma:query SELECT "public"."tenants"."id", "public"."tenants"."user_id", "public"."tenants"."lease_start", "public"."tenants"."lease_end", "public"."tenants"."deposit_amount", "public"."tenants"."notes", "public"."tenants"."created_at", "public"."tenants"."updated_at", "public"."tenants"."deleted_at" FROM "public"."tenants" WHERE "public"."tenants"."id" IN ($1) OFFSET $2
prisma:query SELECT "public"."users"."id", "public"."users"."first_name", "public"."users"."last_name", "public"."users"."email" FROM "public"."users" WHERE "public"."users"."id" IN ($1) OFFSET $2
[0mGET /api/owners/0b89a406-da7d-488b-8da2-5f7ec05d1e6c/apartments [32m200[0m 78.356 ms - 1048[0m
prisma:query SELECT "public"."owners"."id", "public"."owners"."user_id", "public"."owners"."dni", "public"."owners"."tax_id", "public"."owners"."bank_info", "public"."owners"."notes", "public"."owners"."created_at", "public"."owners"."updated_at", "public"."owners"."deleted_at" FROM "public"."owners" WHERE ("public"."owners"."user_id" = $1 AND "public"."owners"."deleted_at" IS NULL) LIMIT $2 OFFSET $3
prisma:query SELECT "public"."apartments"."id" FROM "public"."apartments" WHERE ("public"."apartments"."owner_id" = $1 AND "public"."apartments"."deleted_at" IS NULL) OFFSET $2
prisma:query SELECT "public"."documents"."id", "public"."documents"."uploaded_by_id", "public"."documents"."consortium_id", "public"."documents"."building_id", "public"."documents"."apartment_id", "public"."documents"."ticket_id", "public"."documents"."name", "public"."documents"."file_url", "public"."documents"."file_type", "public"."documents"."file_size", "public"."documents"."category", "public"."documents"."created_at", "public"."documents"."updated_at", "public"."documents"."deleted_at" FROM "public"."documents" WHERE ("public"."documents"."deleted_at" IS NULL AND ("public"."documents"."apartment_id" IN ($1) OR ("public"."documents"."apartment_id" IS NULL AND "public"."documents"."building_id" IS NULL AND "public"."documents"."consortium_id" IS NULL))) ORDER BY "public"."documents"."created_at" DESC LIMIT $2 OFFSET $3
prisma:query SELECT "public"."users"."id", "public"."users"."first_name", "public"."users"."last_name" FROM "public"."users" WHERE "public"."users"."id" IN ($1,$2,$3,$4) OFFSET $5
prisma:query SELECT "public"."apartments"."id", "public"."apartments"."unit_number" FROM "public"."apartments" WHERE "public"."apartments"."id" IN ($1,$2,$3,$4) OFFSET $5
prisma:query SELECT COUNT(*) AS "_count$_all" FROM (SELECT "public"."documents"."id" FROM "public"."documents" WHERE ("public"."documents"."deleted_at" IS NULL AND ("public"."documents"."apartment_id" IN ($1) OR ("public"."documents"."apartment_id" IS NULL AND "public"."documents"."building_id" IS NULL AND "public"."documents"."consortium_id" IS NULL))) OFFSET $2) AS "sub"
prisma:query COMMIT
[0mGET /api/documents?limit=50 [32m200[0m 190.065 ms - 2354[0m
[0mGET /api/apartments?limit=200 [33m400[0m 3.529 ms - 211[0m
prisma:query SELECT "public"."managers"."id", "public"."managers"."user_id", "public"."managers"."title", "public"."managers"."is_supervisor", "public"."managers"."notes", "public"."managers"."created_at", "public"."managers"."updated_at", "public"."managers"."deleted_at" FROM "public"."managers" WHERE "public"."managers"."deleted_at" IS NULL ORDER BY "public"."managers"."created_at" DESC LIMIT $1 OFFSET $2
prisma:query SELECT "public"."tickets"."id", "public"."tickets"."apartment_id", "public"."tickets"."created_by_id", "public"."tickets"."assigned_to_id", "public"."tickets"."suggested_manager_id", "public"."tickets"."title", "public"."tickets"."description", "public"."tickets"."status"::text, "public"."tickets"."priority"::text, "public"."tickets"."category", "public"."tickets"."resolved_at", "public"."tickets"."closed_at", "public"."tickets"."created_at", "public"."tickets"."updated_at", "public"."tickets"."deleted_at", COALESCE("aggr_selection_0_TicketComment"."_aggr_count_comments", 0) AS "_aggr_count_comments" FROM "public"."tickets" LEFT JOIN (SELECT "public"."ticket_comments"."ticket_id", COUNT(*) AS "_aggr_count_comments" FROM "public"."ticket_comments" WHERE 1=1 GROUP BY "public"."ticket_comments"."ticket_id") AS "aggr_selection_0_TicketComment" ON ("public"."tickets"."id" = "aggr_selection_0_TicketComment"."ticket_id") WHERE "public"."tickets"."deleted_at" IS NULL ORDER BY "public"."tickets"."created_at" DESC LIMIT $1 OFFSET $2
prisma:query SELECT "public"."users"."id", "public"."users"."first_name", "public"."users"."last_name", "public"."users"."email" FROM "public"."users" WHERE "public"."users"."id" IN ($1,$2,$3,$4,$5,$6,$7,$8,$9,$10,$11) OFFSET $12
prisma:query SELECT "public"."users"."id", "public"."users"."first_name", "public"."users"."last_name", "public"."users"."email" FROM "public"."users" WHERE "public"."users"."id" IN ($1,$2,$3,$4,$5,$6,$7,$8,$9,$10,$11) OFFSET $12
prisma:query SELECT "public"."users"."id", "public"."users"."first_name", "public"."users"."last_name", "public"."users"."email" FROM "public"."users" WHERE "public"."users"."id" IN ($1,$2,$3,$4,$5,$6,$7,$8,$9,$10,$11) OFFSET $12
prisma:query SELECT "public"."apartments"."id", "public"."apartments"."unit_number", "public"."apartments"."building_id" FROM "public"."apartments" WHERE "public"."apartments"."id" IN ($1,$2,$3,$4,$5,$6,$7,$8,$9,$10,$11) OFFSET $12
prisma:query SELECT "public"."users"."id", "public"."users"."email", "public"."users"."first_name", "public"."users"."last_name" FROM "public"."users" WHERE "public"."users"."id" IN ($1,$2) OFFSET $3
prisma:query SELECT "public"."buildings"."id", "public"."buildings"."name" FROM "public"."buildings" WHERE "public"."buildings"."id" IN ($1,$2,$3,$4,$5,$6,$7,$8,$9,$10,$11) OFFSET $12
prisma:query SELECT COUNT(*) AS "_count$_all" FROM (SELECT "public"."managers"."id" FROM "public"."managers" WHERE "public"."managers"."deleted_at" IS NULL OFFSET $1) AS "sub"
prisma:query COMMIT
[0mGET /api/managers?limit=100 [32m200[0m 1837.543 ms - 826[0m
prisma:query SELECT COUNT(*) AS "_count$_all" FROM (SELECT "public"."tickets"."id" FROM "public"."tickets" WHERE "public"."tickets"."deleted_at" IS NULL OFFSET $1) AS "sub"
prisma:query COMMIT
[0mGET /api/tickets?page=1&limit=20 [32m200[0m 1888.269 ms - 11780[0m
[0mGET /api/apartments?limit=200 [33m400[0m 1.201 ms - 211[0m
prisma:query SELECT "public"."users"."id", "public"."users"."email", "public"."users"."password_hash", "public"."users"."first_name", "public"."users"."last_name", "public"."users"."phone", "public"."users"."avatar_url", "public"."users"."email_verified_at", "public"."users"."is_active", "public"."users"."created_at", "public"."users"."updated_at", "public"."users"."deleted_at" FROM "public"."users" WHERE ("public"."users"."id" = $1 AND "public"."users"."deleted_at" IS NULL) LIMIT $2 OFFSET $3
prisma:query SELECT "public"."user_roles"."id", "public"."user_roles"."user_id", "public"."user_roles"."role_id", "public"."user_roles"."consortium_id", "public"."user_roles"."created_at", "public"."user_roles"."updated_at", "public"."user_roles"."deleted_at" FROM "public"."user_roles" WHERE ("public"."user_roles"."deleted_at" IS NULL AND "public"."user_roles"."user_id" IN ($1)) OFFSET $2
prisma:query SELECT "public"."owners"."id", "public"."owners"."user_id", "public"."owners"."dni", "public"."owners"."tax_id", "public"."owners"."bank_info", "public"."owners"."notes", "public"."owners"."created_at", "public"."owners"."updated_at", "public"."owners"."deleted_at" FROM "public"."owners" WHERE "public"."owners"."user_id" IN ($1) OFFSET $2
prisma:query SELECT "public"."roles"."id", "public"."roles"."name"::text, "public"."roles"."description", "public"."roles"."created_at", "public"."roles"."updated_at", "public"."roles"."deleted_at" FROM "public"."roles" WHERE "public"."roles"."id" IN ($1) OFFSET $2
prisma:query SELECT "public"."managers"."id", "public"."managers"."user_id", "public"."managers"."title", "public"."managers"."is_supervisor", "public"."managers"."notes", "public"."managers"."created_at", "public"."managers"."updated_at", "public"."managers"."deleted_at" FROM "public"."managers" WHERE "public"."managers"."user_id" IN ($1) OFFSET $2
prisma:query SELECT "public"."tenants"."id", "public"."tenants"."user_id", "public"."tenants"."lease_start", "public"."tenants"."lease_end", "public"."tenants"."deposit_amount", "public"."tenants"."notes", "public"."tenants"."created_at", "public"."tenants"."updated_at", "public"."tenants"."deleted_at" FROM "public"."tenants" WHERE "public"."tenants"."user_id" IN ($1) OFFSET $2
[0mGET /api/auth/me [32m200[0m 232.781 ms - 848[0m
prisma:query SELECT "public"."users"."id", "public"."users"."email", "public"."users"."password_hash", "public"."users"."first_name", "public"."users"."last_name", "public"."users"."phone", "public"."users"."avatar_url", "public"."users"."email_verified_at", "public"."users"."is_active", "public"."users"."created_at", "public"."users"."updated_at", "public"."users"."deleted_at" FROM "public"."users" WHERE ("public"."users"."id" = $1 AND "public"."users"."deleted_at" IS NULL) LIMIT $2 OFFSET $3
prisma:query SELECT "public"."managers"."id", "public"."managers"."user_id", "public"."managers"."title", "public"."managers"."is_supervisor", "public"."managers"."notes", "public"."managers"."created_at", "public"."managers"."updated_at", "public"."managers"."deleted_at" FROM "public"."managers" WHERE "public"."managers"."user_id" IN ($1) OFFSET $2
prisma:query SELECT "public"."tenants"."id", "public"."tenants"."user_id", "public"."tenants"."lease_start", "public"."tenants"."lease_end", "public"."tenants"."deposit_amount", "public"."tenants"."notes", "public"."tenants"."created_at", "public"."tenants"."updated_at", "public"."tenants"."deleted_at" FROM "public"."tenants" WHERE "public"."tenants"."user_id" IN ($1) OFFSET $2
prisma:query SELECT "public"."user_roles"."id", "public"."user_roles"."user_id", "public"."user_roles"."role_id", "public"."user_roles"."consortium_id", "public"."user_roles"."created_at", "public"."user_roles"."updated_at", "public"."user_roles"."deleted_at" FROM "public"."user_roles" WHERE ("public"."user_roles"."deleted_at" IS NULL AND "public"."user_roles"."user_id" IN ($1)) OFFSET $2
prisma:query SELECT "public"."owners"."id", "public"."owners"."user_id", "public"."owners"."dni", "public"."owners"."tax_id", "public"."owners"."bank_info", "public"."owners"."notes", "public"."owners"."created_at", "public"."owners"."updated_at", "public"."owners"."deleted_at" FROM "public"."owners" WHERE "public"."owners"."user_id" IN ($1) OFFSET $2
prisma:query SELECT "public"."roles"."id", "public"."roles"."name"::text, "public"."roles"."description", "public"."roles"."created_at", "public"."roles"."updated_at", "public"."roles"."deleted_at" FROM "public"."roles" WHERE "public"."roles"."id" IN ($1) OFFSET $2
[0mGET /api/auth/me [32m200[0m 21.215 ms - 848[0m
prisma:query SELECT "public"."users"."id", "public"."users"."email", "public"."users"."password_hash", "public"."users"."first_name", "public"."users"."last_name", "public"."users"."phone", "public"."users"."avatar_url", "public"."users"."email_verified_at", "public"."users"."is_active", "public"."users"."created_at", "public"."users"."updated_at", "public"."users"."deleted_at" FROM "public"."users" WHERE ("public"."users"."id" = $1 AND "public"."users"."deleted_at" IS NULL) LIMIT $2 OFFSET $3
prisma:query SELECT "public"."user_roles"."id", "public"."user_roles"."user_id", "public"."user_roles"."role_id", "public"."user_roles"."consortium_id", "public"."user_roles"."created_at", "public"."user_roles"."updated_at", "public"."user_roles"."deleted_at" FROM "public"."user_roles" WHERE ("public"."user_roles"."deleted_at" IS NULL AND "public"."user_roles"."user_id" IN ($1)) OFFSET $2
prisma:query SELECT "public"."owners"."id", "public"."owners"."user_id", "public"."owners"."dni", "public"."owners"."tax_id", "public"."owners"."bank_info", "public"."owners"."notes", "public"."owners"."created_at", "public"."owners"."updated_at", "public"."owners"."deleted_at" FROM "public"."owners" WHERE "public"."owners"."user_id" IN ($1) OFFSET $2
prisma:query SELECT "public"."tenants"."id", "public"."tenants"."user_id", "public"."tenants"."lease_start", "public"."tenants"."lease_end", "public"."tenants"."deposit_amount", "public"."tenants"."notes", "public"."tenants"."created_at", "public"."tenants"."updated_at", "public"."tenants"."deleted_at" FROM "public"."tenants" WHERE "public"."tenants"."user_id" IN ($1) OFFSET $2
prisma:query SELECT "public"."managers"."id", "public"."managers"."user_id", "public"."managers"."title", "public"."managers"."is_supervisor", "public"."managers"."notes", "public"."managers"."created_at", "public"."managers"."updated_at", "public"."managers"."deleted_at" FROM "public"."managers" WHERE "public"."managers"."user_id" IN ($1) OFFSET $2
prisma:query SELECT "public"."roles"."id", "public"."roles"."name"::text, "public"."roles"."description", "public"."roles"."created_at", "public"."roles"."updated_at", "public"."roles"."deleted_at" FROM "public"."roles" WHERE "public"."roles"."id" IN ($1) OFFSET $2
[0mGET /api/auth/me [32m200[0m 31.689 ms - 848[0m
[INFO] 20:30:03 Restarting: D:\Astro\Consolink\backend\src\modules\announcements\announcements.service.ts has been modified
◇ injected env (5) from .env // tip: ⌁ auth for agents [www.vestauth.com]
Server running on port 3001
[INFO] 20:30:11 Restarting: D:\Astro\Consolink\backend\src\modules\managers\managers.routes.ts has been modified
◇ injected env (5) from .env // tip: ◈ encrypted .env [www.dotenvx.com]
Server running on port 3001
prisma:query SELECT "public"."managers"."id", "public"."managers"."user_id", "public"."managers"."title", "public"."managers"."is_supervisor", "public"."managers"."notes", "public"."managers"."created_at", "public"."managers"."updated_at", "public"."managers"."deleted_at" FROM "public"."managers" WHERE "public"."managers"."deleted_at" IS NULL ORDER BY "public"."managers"."created_at" DESC LIMIT $1 OFFSET $2
prisma:query SELECT "public"."users"."id", "public"."users"."email", "public"."users"."first_name", "public"."users"."last_name" FROM "public"."users" WHERE "public"."users"."id" IN ($1,$2) OFFSET $3
prisma:query SELECT COUNT(*) AS "_count$_all" FROM (SELECT "public"."managers"."id" FROM "public"."managers" WHERE "public"."managers"."deleted_at" IS NULL OFFSET $1) AS "sub"
prisma:query COMMIT
[0mGET /api/managers?limit=100 [32m200[0m 1523.236 ms - 826[0m
prisma:error 
Invalid `prisma.ticket.findMany()` invocation in
D:\Astro\Consolink\backend\src\modules\tickets\tickets.service.ts:38:21

  35 if (priority) where.priority = priority;
  36 
  37 const [data, total] = await prisma.$transaction([
→ 38   prisma.ticket.findMany(
Transaction API error: Unable to start a transaction in the given time.
prisma:error 
Invalid `prisma.ticket.count()` invocation in
D:\Astro\Consolink\backend\src\modules\tickets\tickets.service.ts:57:21

  54     _count: { select: { comments: true } },
  55   },
  56 }),
→ 57 prisma.ticket.count(
Transaction API error: Unable to start a transaction in the given time.
[0mGET /api/tickets?page=1&limit=20 [33m400[0m 23902.161 ms - 62[0m
prisma:query SELECT "public"."owners"."id", "public"."owners"."user_id", "public"."owners"."dni", "public"."owners"."tax_id", "public"."owners"."bank_info", "public"."owners"."notes", "public"."owners"."created_at", "public"."owners"."updated_at", "public"."owners"."deleted_at" FROM "public"."owners" WHERE ("public"."owners"."id" = $1 AND "public"."owners"."deleted_at" IS NULL) LIMIT $2 OFFSET $3
prisma:query SELECT "public"."users"."id", "public"."users"."email", "public"."users"."first_name", "public"."users"."last_name", "public"."users"."phone" FROM "public"."users" WHERE "public"."users"."id" IN ($1) OFFSET $2
prisma:query SELECT "public"."apartments"."id", "public"."apartments"."building_id", "public"."apartments"."unit_number", "public"."apartments"."floor", "public"."apartments"."bedrooms", "public"."apartments"."bathrooms", "public"."apartments"."area_m2", "public"."apartments"."parking_spots", "public"."apartments"."storage_units", "public"."apartments"."status", "public"."apartments"."owner_id", "public"."apartments"."tenant_id", "public"."apartments"."created_at", "public"."apartments"."updated_at", "public"."apartments"."deleted_at" FROM "public"."apartments" WHERE ("public"."apartments"."owner_id" = $1 AND "public"."apartments"."deleted_at" IS NULL) ORDER BY "public"."apartments"."created_at" DESC OFFSET $2
prisma:query SELECT "public"."buildings"."id", "public"."buildings"."name", "public"."buildings"."consortium_id" FROM "public"."buildings" WHERE "public"."buildings"."id" IN ($1,$2) OFFSET $3
prisma:query SELECT "public"."tenants"."id", "public"."tenants"."user_id", "public"."tenants"."lease_start", "public"."tenants"."lease_end", "public"."tenants"."deposit_amount", "public"."tenants"."notes", "public"."tenants"."created_at", "public"."tenants"."updated_at", "public"."tenants"."deleted_at" FROM "public"."tenants" WHERE "public"."tenants"."id" IN ($1,$2) OFFSET $3
prisma:query SELECT "public"."users"."id", "public"."users"."first_name", "public"."users"."last_name", "public"."users"."email" FROM "public"."users" WHERE "public"."users"."id" IN ($1) OFFSET $2
[0mGET /api/owners/ce1e625b-e221-49aa-983d-eed9bb30b54b/apartments [36m304[0m 24289.970 ms - -[0m
prisma:query SELECT "public"."tickets"."id", "public"."tickets"."apartment_id", "public"."tickets"."created_by_id", "public"."tickets"."assigned_to_id", "public"."tickets"."suggested_manager_id", "public"."tickets"."title", "public"."tickets"."description", "public"."tickets"."status"::text, "public"."tickets"."priority"::text, "public"."tickets"."category", "public"."tickets"."resolved_at", "public"."tickets"."closed_at", "public"."tickets"."created_at", "public"."tickets"."updated_at", "public"."tickets"."deleted_at", COALESCE("aggr_selection_0_TicketComment"."_aggr_count_comments", 0) AS "_aggr_count_comments" FROM "public"."tickets" LEFT JOIN (SELECT "public"."ticket_comments"."ticket_id", COUNT(*) AS "_aggr_count_comments" FROM "public"."ticket_comments" WHERE 1=1 GROUP BY "public"."ticket_comments"."ticket_id") AS "aggr_selection_0_TicketComment" ON ("public"."tickets"."id" = "aggr_selection_0_TicketComment"."ticket_id") WHERE ("public"."tickets"."deleted_at" IS NULL AND "public"."tickets"."created_by_id" = $1) ORDER BY "public"."tickets"."created_at" DESC LIMIT $2 OFFSET $3
prisma:query SELECT "public"."users"."id", "public"."users"."first_name", "public"."users"."last_name", "public"."users"."email" FROM "public"."users" WHERE "public"."users"."id" IN ($1) OFFSET $2
prisma:query SELECT "public"."users"."id", "public"."users"."first_name", "public"."users"."last_name", "public"."users"."email" FROM "public"."users" WHERE "public"."users"."id" IN ($1) OFFSET $2
prisma:query SELECT "public"."users"."id", "public"."users"."first_name", "public"."users"."last_name", "public"."users"."email" FROM "public"."users" WHERE "public"."users"."id" IN ($1) OFFSET $2
prisma:query SELECT "public"."apartments"."id", "public"."apartments"."unit_number", "public"."apartments"."building_id" FROM "public"."apartments" WHERE "public"."apartments"."id" IN ($1) OFFSET $2
prisma:query SELECT "public"."buildings"."id", "public"."buildings"."name" FROM "public"."buildings" WHERE "public"."buildings"."id" IN ($1) OFFSET $2
prisma:query SELECT COUNT(*) AS "_count$_all" FROM (SELECT "public"."tickets"."id" FROM "public"."tickets" WHERE ("public"."tickets"."deleted_at" IS NULL AND "public"."tickets"."created_by_id" = $1) OFFSET $2) AS "sub"
prisma:query COMMIT
[0mGET /api/tickets?page=1&limit=20 [32m200[0m 1545.774 ms - 888[0m
[ELIFECYCLE] Command failed with exit code 4294967295.
