[INFO] 23:40:54 ts-node-dev ver. 2.0.0 (using ts-node ver. 10.9.2, typescript ver. 6.0.3)
◇ injected env (5) from .env // tip: ◈ secrets for agents [www.dotenvx.com]
Server running on port 3001
[0mGET /health [32m200[0m 2.320 ms - 15[0m
prisma:query SELECT "public"."users"."id", "public"."users"."email", "public"."users"."password_hash", "public"."users"."first_name", "public"."users"."last_name", "public"."users"."phone", "public"."users"."avatar_url", "public"."users"."email_verified_at", "public"."users"."is_active", "public"."users"."created_at", "public"."users"."updated_at", "public"."users"."deleted_at" FROM "public"."users" WHERE ("public"."users"."email" = $1 AND 1=1) LIMIT $2 OFFSET $3
prisma:query SELECT "public"."user_roles"."id", "public"."user_roles"."user_id", "public"."user_roles"."role_id", "public"."user_roles"."consortium_id", "public"."user_roles"."created_at", "public"."user_roles"."updated_at", "public"."user_roles"."deleted_at" FROM "public"."user_roles" WHERE ("public"."user_roles"."deleted_at" IS NULL AND "public"."user_roles"."user_id" = $1) OFFSET $2
prisma:query SELECT "public"."roles"."id", "public"."roles"."name"::text, "public"."roles"."description", "public"."roles"."created_at", "public"."roles"."updated_at", "public"."roles"."deleted_at" FROM "public"."roles" WHERE "public"."roles"."id" IN ($1) OFFSET $2
[0mPOST /api/auth/login [32m200[0m 401.657 ms - 815[0m
prisma:query SELECT "public"."owners"."id", "public"."owners"."user_id", "public"."owners"."dni", "public"."owners"."tax_id", "public"."owners"."bank_info", "public"."owners"."notes", "public"."owners"."created_at", "public"."owners"."updated_at", "public"."owners"."deleted_at" FROM "public"."owners" WHERE "public"."owners"."deleted_at" IS NULL ORDER BY "public"."owners"."created_at" DESC LIMIT $1 OFFSET $2
prisma:query SELECT "public"."users"."id", "public"."users"."email", "public"."users"."first_name", "public"."users"."last_name" FROM "public"."users" WHERE "public"."users"."id" IN ($1,$2,$3,$4,$5,$6,$7,$8,$9,$10) OFFSET $11
prisma:query SELECT COUNT(*) AS "_count$_all" FROM (SELECT "public"."owners"."id" FROM "public"."owners" WHERE "public"."owners"."deleted_at" IS NULL OFFSET $1) AS "sub"
prisma:query COMMIT
[0mGET /api/owners?page=1&limit=20 [32m200[0m 37.584 ms - 3979[0m
prisma:query SELECT "public"."owners"."id", "public"."owners"."user_id", "public"."owners"."dni", "public"."owners"."tax_id", "public"."owners"."bank_info", "public"."owners"."notes", "public"."owners"."created_at", "public"."owners"."updated_at", "public"."owners"."deleted_at" FROM "public"."owners" LEFT JOIN "public"."users" AS "j0" ON ("j0"."id") = ("public"."owners"."user_id") LEFT JOIN "public"."users" AS "j1" ON ("j1"."id") = ("public"."owners"."user_id") LEFT JOIN "public"."users" AS "j2" ON ("j2"."id") = ("public"."owners"."user_id") WHERE ("public"."owners"."deleted_at" IS NULL AND ("public"."owners"."dni" ILIKE ('%' || $1 || '%') OR ("j0"."first_name" ILIKE ('%' || $2 || '%') AND ("j0"."id" IS NOT NULL)) OR ("j1"."last_name" ILIKE ('%' || $3 || '%') AND ("j1"."id" IS NOT NULL)) OR ("j2"."email" ILIKE ('%' || $4 || '%') AND ("j2"."id" IS NOT NULL)))) ORDER BY "public"."owners"."created_at" DESC LIMIT $5 OFFSET $6
prisma:query SELECT "public"."users"."id", "public"."users"."email", "public"."users"."first_name", "public"."users"."last_name" FROM "public"."users" WHERE "public"."users"."id" IN ($1) OFFSET $2
prisma:query SELECT COUNT(*) AS "_count$_all" FROM (SELECT "public"."owners"."id" FROM "public"."owners" LEFT JOIN "public"."users" AS "j0" ON ("j0"."id") = ("public"."owners"."user_id") LEFT JOIN "public"."users" AS "j1" ON ("j1"."id") = ("public"."owners"."user_id") LEFT JOIN "public"."users" AS "j2" ON ("j2"."id") = ("public"."owners"."user_id") WHERE ("public"."owners"."deleted_at" IS NULL AND ("public"."owners"."dni" ILIKE ('%' || $1 || '%') OR ("j0"."first_name" ILIKE ('%' || $2 || '%') AND ("j0"."id" IS NOT NULL)) OR ("j1"."last_name" ILIKE ('%' || $3 || '%') AND ("j1"."id" IS NOT NULL)) OR ("j2"."email" ILIKE ('%' || $4 || '%') AND ("j2"."id" IS NOT NULL)))) OFFSET $5) AS "sub"
prisma:query COMMIT
[0mGET /api/owners?search=juan [32m200[0m 27.228 ms - 471[0m
prisma:query SELECT "public"."tenants"."id", "public"."tenants"."user_id", "public"."tenants"."lease_start", "public"."tenants"."lease_end", "public"."tenants"."deposit_amount", "public"."tenants"."notes", "public"."tenants"."created_at", "public"."tenants"."updated_at", "public"."tenants"."deleted_at" FROM "public"."tenants" WHERE "public"."tenants"."deleted_at" IS NULL ORDER BY "public"."tenants"."created_at" DESC LIMIT $1 OFFSET $2
prisma:query SELECT "public"."users"."id", "public"."users"."email", "public"."users"."first_name", "public"."users"."last_name" FROM "public"."users" WHERE "public"."users"."id" IN ($1,$2,$3,$4,$5,$6) OFFSET $7
prisma:query SELECT COUNT(*) AS "_count$_all" FROM (SELECT "public"."tenants"."id" FROM "public"."tenants" WHERE "public"."tenants"."deleted_at" IS NULL OFFSET $1) AS "sub"
prisma:query COMMIT
[0mGET /api/tenants?page=1&limit=20 [32m200[0m 13.190 ms - 2705[0m
prisma:query SELECT "public"."tenants"."id", "public"."tenants"."user_id", "public"."tenants"."lease_start", "public"."tenants"."lease_end", "public"."tenants"."deposit_amount", "public"."tenants"."notes", "public"."tenants"."created_at", "public"."tenants"."updated_at", "public"."tenants"."deleted_at" FROM "public"."tenants" WHERE ("public"."tenants"."id" = $1 AND "public"."tenants"."deleted_at" IS NULL) LIMIT $2 OFFSET $3
prisma:query SELECT "public"."users"."id", "public"."users"."email", "public"."users"."first_name", "public"."users"."last_name", "public"."users"."phone" FROM "public"."users" WHERE "public"."users"."id" IN ($1) OFFSET $2
prisma:query SELECT "public"."apartments"."id", "public"."apartments"."building_id", "public"."apartments"."unit_number", "public"."apartments"."floor", "public"."apartments"."bedrooms", "public"."apartments"."bathrooms", "public"."apartments"."area_m2", "public"."apartments"."parking_spots", "public"."apartments"."storage_units", "public"."apartments"."status", "public"."apartments"."owner_id", "public"."apartments"."tenant_id", "public"."apartments"."created_at", "public"."apartments"."updated_at", "public"."apartments"."deleted_at" FROM "public"."apartments" WHERE "public"."apartments"."tenant_id" IN ($1) OFFSET $2
prisma:query SELECT "public"."buildings"."id", "public"."buildings"."name" FROM "public"."buildings" WHERE "public"."buildings"."id" IN ($1) OFFSET $2
[0mGET /api/tenants/45dfe81f-b1c8-4131-94c8-a96414d5554e/contract-status [32m200[0m 87.570 ms - 190[0m
prisma:query SELECT "public"."tenants"."id", "public"."tenants"."user_id", "public"."tenants"."lease_start", "public"."tenants"."lease_end", "public"."tenants"."deposit_amount", "public"."tenants"."notes", "public"."tenants"."created_at", "public"."tenants"."updated_at", "public"."tenants"."deleted_at" FROM "public"."tenants" LEFT JOIN "public"."users" AS "j0" ON ("j0"."id") = ("public"."tenants"."user_id") LEFT JOIN "public"."users" AS "j1" ON ("j1"."id") = ("public"."tenants"."user_id") LEFT JOIN "public"."users" AS "j2" ON ("j2"."id") = ("public"."tenants"."user_id") WHERE ("public"."tenants"."deleted_at" IS NULL AND (("j0"."first_name" ILIKE ('%' || $1 || '%') AND ("j0"."id" IS NOT NULL)) OR ("j1"."last_name" ILIKE ('%' || $2 || '%') AND ("j1"."id" IS NOT NULL)) OR ("j2"."email" ILIKE ('%' || $3 || '%') AND ("j2"."id" IS NOT NULL)))) ORDER BY "public"."tenants"."created_at" DESC LIMIT $4 OFFSET $5
prisma:query SELECT "public"."users"."id", "public"."users"."email", "public"."users"."first_name", "public"."users"."last_name" FROM "public"."users" WHERE "public"."users"."id" IN ($1) OFFSET $2
prisma:query SELECT COUNT(*) AS "_count$_all" FROM (SELECT "public"."tenants"."id" FROM "public"."tenants" LEFT JOIN "public"."users" AS "j0" ON ("j0"."id") = ("public"."tenants"."user_id") LEFT JOIN "public"."users" AS "j1" ON ("j1"."id") = ("public"."tenants"."user_id") LEFT JOIN "public"."users" AS "j2" ON ("j2"."id") = ("public"."tenants"."user_id") WHERE ("public"."tenants"."deleted_at" IS NULL AND (("j0"."first_name" ILIKE ('%' || $1 || '%') AND ("j0"."id" IS NOT NULL)) OR ("j1"."last_name" ILIKE ('%' || $2 || '%') AND ("j1"."id" IS NOT NULL)) OR ("j2"."email" ILIKE ('%' || $3 || '%') AND ("j2"."id" IS NOT NULL)))) OFFSET $4) AS "sub"
prisma:query COMMIT
[0mGET /api/tenants?search=lucia [32m200[0m 23.375 ms - 535[0m
prisma:query SELECT "public"."managers"."id", "public"."managers"."user_id", "public"."managers"."title", "public"."managers"."is_supervisor", "public"."managers"."notes", "public"."managers"."created_at", "public"."managers"."updated_at", "public"."managers"."deleted_at" FROM "public"."managers" WHERE "public"."managers"."deleted_at" IS NULL ORDER BY "public"."managers"."created_at" DESC LIMIT $1 OFFSET $2
prisma:query SELECT "public"."users"."id", "public"."users"."email", "public"."users"."first_name", "public"."users"."last_name" FROM "public"."users" WHERE "public"."users"."id" IN (NULL) OFFSET $1
prisma:query SELECT COUNT(*) AS "_count$_all" FROM (SELECT "public"."managers"."id" FROM "public"."managers" WHERE "public"."managers"."deleted_at" IS NULL OFFSET $1) AS "sub"
prisma:query COMMIT
[0mGET /api/managers?page=1&limit=20 [32m200[0m 32.253 ms - 70[0m
prisma:query SELECT "public"."owners"."id", "public"."owners"."user_id", "public"."owners"."dni", "public"."owners"."tax_id", "public"."owners"."bank_info", "public"."owners"."notes", "public"."owners"."created_at", "public"."owners"."updated_at", "public"."owners"."deleted_at" FROM "public"."owners" WHERE "public"."owners"."deleted_at" IS NULL ORDER BY "public"."owners"."created_at" DESC LIMIT $1 OFFSET $2
prisma:query SELECT "public"."users"."id", "public"."users"."email", "public"."users"."first_name", "public"."users"."last_name" FROM "public"."users" WHERE "public"."users"."id" IN ($1) OFFSET $2
prisma:query SELECT COUNT(*) AS "_count$_all" FROM (SELECT "public"."owners"."id" FROM "public"."owners" WHERE "public"."owners"."deleted_at" IS NULL OFFSET $1) AS "sub"
prisma:query COMMIT
[0mGET /api/owners?page=1&limit=1 [32m200[0m 34.824 ms - 463[0m
prisma:query SELECT "public"."owners"."id", "public"."owners"."user_id", "public"."owners"."dni", "public"."owners"."tax_id", "public"."owners"."bank_info", "public"."owners"."notes", "public"."owners"."created_at", "public"."owners"."updated_at", "public"."owners"."deleted_at" FROM "public"."owners" WHERE ("public"."owners"."id" = $1 AND "public"."owners"."deleted_at" IS NULL) LIMIT $2 OFFSET $3
prisma:query SELECT "public"."users"."id", "public"."users"."email", "public"."users"."first_name", "public"."users"."last_name", "public"."users"."phone" FROM "public"."users" WHERE "public"."users"."id" IN ($1) OFFSET $2
prisma:query SELECT "public"."apartments"."id", "public"."apartments"."building_id", "public"."apartments"."unit_number", "public"."apartments"."floor", "public"."apartments"."bedrooms", "public"."apartments"."bathrooms", "public"."apartments"."area_m2", "public"."apartments"."parking_spots", "public"."apartments"."storage_units", "public"."apartments"."status", "public"."apartments"."owner_id", "public"."apartments"."tenant_id", "public"."apartments"."created_at", "public"."apartments"."updated_at", "public"."apartments"."deleted_at" FROM "public"."apartments" WHERE ("public"."apartments"."owner_id" = $1 AND "public"."apartments"."deleted_at" IS NULL) ORDER BY "public"."apartments"."created_at" DESC OFFSET $2
prisma:query SELECT "public"."tenants"."id", "public"."tenants"."user_id", "public"."tenants"."lease_start", "public"."tenants"."lease_end", "public"."tenants"."deposit_amount", "public"."tenants"."notes", "public"."tenants"."created_at", "public"."tenants"."updated_at", "public"."tenants"."deleted_at" FROM "public"."tenants" WHERE "public"."tenants"."id" IN ($1,$2) OFFSET $3
prisma:query SELECT "public"."buildings"."id", "public"."buildings"."name", "public"."buildings"."consortium_id" FROM "public"."buildings" WHERE "public"."buildings"."id" IN ($1,$2) OFFSET $3
prisma:query SELECT "public"."users"."id", "public"."users"."first_name", "public"."users"."last_name", "public"."users"."email" FROM "public"."users" WHERE "public"."users"."id" IN (NULL) OFFSET $1
[0mGET /api/owners/4b959388-1aba-483c-80b5-0a642a34ddac/apartments [32m200[0m 14.957 ms - 1083[0m
prisma:query SELECT "public"."users"."id", "public"."users"."email", "public"."users"."password_hash", "public"."users"."first_name", "public"."users"."last_name", "public"."users"."phone", "public"."users"."avatar_url", "public"."users"."email_verified_at", "public"."users"."is_active", "public"."users"."created_at", "public"."users"."updated_at", "public"."users"."deleted_at" FROM "public"."users" WHERE ("public"."users"."id" = $1 AND "public"."users"."deleted_at" IS NULL) LIMIT $2 OFFSET $3
prisma:query SELECT "public"."user_roles"."id", "public"."user_roles"."user_id", "public"."user_roles"."role_id", "public"."user_roles"."consortium_id", "public"."user_roles"."created_at", "public"."user_roles"."updated_at", "public"."user_roles"."deleted_at" FROM "public"."user_roles" WHERE ("public"."user_roles"."deleted_at" IS NULL AND "public"."user_roles"."user_id" IN ($1)) OFFSET $2
prisma:query SELECT "public"."roles"."id", "public"."roles"."name"::text, "public"."roles"."description", "public"."roles"."created_at", "public"."roles"."updated_at", "public"."roles"."deleted_at" FROM "public"."roles" WHERE "public"."roles"."id" IN ($1) OFFSET $2
prisma:query SELECT "public"."tenants"."id", "public"."tenants"."user_id", "public"."tenants"."lease_start", "public"."tenants"."lease_end", "public"."tenants"."deposit_amount", "public"."tenants"."notes", "public"."tenants"."created_at", "public"."tenants"."updated_at", "public"."tenants"."deleted_at" FROM "public"."tenants" WHERE "public"."tenants"."user_id" IN ($1) OFFSET $2
prisma:query SELECT "public"."managers"."id", "public"."managers"."user_id", "public"."managers"."title", "public"."managers"."is_supervisor", "public"."managers"."notes", "public"."managers"."created_at", "public"."managers"."updated_at", "public"."managers"."deleted_at" FROM "public"."managers" WHERE "public"."managers"."user_id" IN ($1) OFFSET $2
prisma:query SELECT "public"."owners"."id", "public"."owners"."user_id", "public"."owners"."dni", "public"."owners"."tax_id", "public"."owners"."bank_info", "public"."owners"."notes", "public"."owners"."created_at", "public"."owners"."updated_at", "public"."owners"."deleted_at" FROM "public"."owners" WHERE "public"."owners"."user_id" IN ($1) OFFSET $2
[0mGET /api/auth/me [32m200[0m 226.567 ms - 821[0m
prisma:query SELECT "public"."users"."id", "public"."users"."email", "public"."users"."password_hash", "public"."users"."first_name", "public"."users"."last_name", "public"."users"."phone", "public"."users"."avatar_url", "public"."users"."email_verified_at", "public"."users"."is_active", "public"."users"."created_at", "public"."users"."updated_at", "public"."users"."deleted_at" FROM "public"."users" WHERE ("public"."users"."id" = $1 AND "public"."users"."deleted_at" IS NULL) LIMIT $2 OFFSET $3
prisma:query SELECT "public"."tenants"."id", "public"."tenants"."user_id", "public"."tenants"."lease_start", "public"."tenants"."lease_end", "public"."tenants"."deposit_amount", "public"."tenants"."notes", "public"."tenants"."created_at", "public"."tenants"."updated_at", "public"."tenants"."deleted_at" FROM "public"."tenants" WHERE "public"."tenants"."user_id" IN ($1) OFFSET $2
prisma:query SELECT "public"."managers"."id", "public"."managers"."user_id", "public"."managers"."title", "public"."managers"."is_supervisor", "public"."managers"."notes", "public"."managers"."created_at", "public"."managers"."updated_at", "public"."managers"."deleted_at" FROM "public"."managers" WHERE "public"."managers"."user_id" IN ($1) OFFSET $2
prisma:query SELECT "public"."user_roles"."id", "public"."user_roles"."user_id", "public"."user_roles"."role_id", "public"."user_roles"."consortium_id", "public"."user_roles"."created_at", "public"."user_roles"."updated_at", "public"."user_roles"."deleted_at" FROM "public"."user_roles" WHERE ("public"."user_roles"."deleted_at" IS NULL AND "public"."user_roles"."user_id" IN ($1)) OFFSET $2
prisma:query SELECT "public"."owners"."id", "public"."owners"."user_id", "public"."owners"."dni", "public"."owners"."tax_id", "public"."owners"."bank_info", "public"."owners"."notes", "public"."owners"."created_at", "public"."owners"."updated_at", "public"."owners"."deleted_at" FROM "public"."owners" WHERE "public"."owners"."user_id" IN ($1) OFFSET $2
prisma:query SELECT "public"."roles"."id", "public"."roles"."name"::text, "public"."roles"."description", "public"."roles"."created_at", "public"."roles"."updated_at", "public"."roles"."deleted_at" FROM "public"."roles" WHERE "public"."roles"."id" IN ($1) OFFSET $2
[0mGET /api/auth/me [32m200[0m 17.420 ms - 821[0m
prisma:query SELECT "public"."consortia"."id", "public"."consortia"."name", "public"."consortia"."tax_id", "public"."consortia"."address", "public"."consortia"."city", "public"."consortia"."province", "public"."consortia"."zip_code", "public"."consortia"."phone", "public"."consortia"."email", "public"."consortia"."logo_url", "public"."consortia"."created_at", "public"."consortia"."updated_at", "public"."consortia"."deleted_at" FROM "public"."consortia" WHERE "public"."consortia"."deleted_at" IS NULL ORDER BY "public"."consortia"."created_at" DESC LIMIT $1 OFFSET $2
prisma:query SELECT "public"."buildings"."id", "public"."buildings"."consortium_id", "public"."buildings"."name", "public"."buildings"."address", "public"."buildings"."city", "public"."buildings"."province", "public"."buildings"."zip_code", "public"."buildings"."total_floors", "public"."buildings"."total_units", "public"."buildings"."total_parking_spots", "public"."buildings"."total_storage_units", "public"."buildings"."total_area_m2", "public"."buildings"."status", "public"."buildings"."created_at", "public"."buildings"."updated_at", "public"."buildings"."deleted_at" FROM "public"."buildings" WHERE "public"."buildings"."deleted_at" IS NULL ORDER BY "public"."buildings"."created_at" DESC LIMIT $1 OFFSET $2
prisma:query SELECT COUNT(*) AS "_count$_all" FROM (SELECT "public"."consortia"."id" FROM "public"."consortia" WHERE "public"."consortia"."deleted_at" IS NULL OFFSET $1) AS "sub"
prisma:query SELECT "public"."consortia"."id", "public"."consortia"."name" FROM "public"."consortia" WHERE "public"."consortia"."id" IN ($1,$2,$3,$4) OFFSET $5
prisma:query COMMIT
[0mGET /api/consortiums?limit=100 [36m304[0m 83.433 ms - -[0m
prisma:query SELECT COUNT(*) AS "_count$_all" FROM (SELECT "public"."buildings"."id" FROM "public"."buildings" WHERE "public"."buildings"."deleted_at" IS NULL OFFSET $1) AS "sub"
prisma:query COMMIT
[0mGET /api/buildings?page=1&limit=20 [36m304[0m 110.252 ms - -[0m
prisma:query SELECT "public"."users"."id", "public"."users"."email", "public"."users"."password_hash", "public"."users"."first_name", "public"."users"."last_name", "public"."users"."phone", "public"."users"."avatar_url", "public"."users"."email_verified_at", "public"."users"."is_active", "public"."users"."created_at", "public"."users"."updated_at", "public"."users"."deleted_at" FROM "public"."users" WHERE ("public"."users"."email" = $1 AND 1=1) LIMIT $2 OFFSET $3
prisma:query SELECT "public"."user_roles"."id", "public"."user_roles"."user_id", "public"."user_roles"."role_id", "public"."user_roles"."consortium_id", "public"."user_roles"."created_at", "public"."user_roles"."updated_at", "public"."user_roles"."deleted_at" FROM "public"."user_roles" WHERE ("public"."user_roles"."deleted_at" IS NULL AND "public"."user_roles"."user_id" = $1) OFFSET $2
prisma:query SELECT "public"."roles"."id", "public"."roles"."name"::text, "public"."roles"."description", "public"."roles"."created_at", "public"."roles"."updated_at", "public"."roles"."deleted_at" FROM "public"."roles" WHERE "public"."roles"."id" IN ($1) OFFSET $2
[0mPOST /api/auth/login [32m200[0m 137.800 ms - 815[0m
prisma:query SELECT "public"."users"."id", "public"."users"."email", "public"."users"."password_hash", "public"."users"."first_name", "public"."users"."last_name", "public"."users"."phone", "public"."users"."avatar_url", "public"."users"."email_verified_at", "public"."users"."is_active", "public"."users"."created_at", "public"."users"."updated_at", "public"."users"."deleted_at" FROM "public"."users" WHERE ("public"."users"."email" = $1 AND 1=1) LIMIT $2 OFFSET $3
prisma:query INSERT INTO "public"."users" ("id","email","password_hash","first_name","last_name","phone","is_active","created_at","updated_at") VALUES ($1,$2,$3,$4,$5,$6,$7,$8,$9) RETURNING "public"."users"."id", "public"."users"."email", "public"."users"."password_hash", "public"."users"."first_name", "public"."users"."last_name", "public"."users"."phone", "public"."users"."avatar_url", "public"."users"."email_verified_at", "public"."users"."is_active", "public"."users"."created_at", "public"."users"."updated_at", "public"."users"."deleted_at"
[0mPOST /api/users [32m201[0m 108.216 ms - 306[0m
[0mPOST /api/owners [33m400[0m 2.786 ms - 194[0m
[0mPOST /api/owners [33m401[0m 1.657 ms - 66[0m
prisma:query SELECT "public"."users"."id", "public"."users"."email", "public"."users"."password_hash", "public"."users"."first_name", "public"."users"."last_name", "public"."users"."phone", "public"."users"."avatar_url", "public"."users"."email_verified_at", "public"."users"."is_active", "public"."users"."created_at", "public"."users"."updated_at", "public"."users"."deleted_at" FROM "public"."users" WHERE ("public"."users"."email" = $1 AND 1=1) LIMIT $2 OFFSET $3
prisma:query SELECT "public"."user_roles"."id", "public"."user_roles"."user_id", "public"."user_roles"."role_id", "public"."user_roles"."consortium_id", "public"."user_roles"."created_at", "public"."user_roles"."updated_at", "public"."user_roles"."deleted_at" FROM "public"."user_roles" WHERE ("public"."user_roles"."deleted_at" IS NULL AND "public"."user_roles"."user_id" = $1) OFFSET $2
prisma:query SELECT "public"."roles"."id", "public"."roles"."name"::text, "public"."roles"."description", "public"."roles"."created_at", "public"."roles"."updated_at", "public"."roles"."deleted_at" FROM "public"."roles" WHERE "public"."roles"."id" IN ($1) OFFSET $2
[0mPOST /api/auth/login [32m200[0m 237.305 ms - 815[0m
prisma:query SELECT "public"."users"."id", "public"."users"."email", "public"."users"."password_hash", "public"."users"."first_name", "public"."users"."last_name", "public"."users"."phone", "public"."users"."avatar_url", "public"."users"."email_verified_at", "public"."users"."is_active", "public"."users"."created_at", "public"."users"."updated_at", "public"."users"."deleted_at" FROM "public"."users" WHERE ("public"."users"."email" = $1 AND 1=1) LIMIT $2 OFFSET $3
prisma:query INSERT INTO "public"."users" ("id","email","password_hash","first_name","last_name","is_active","created_at","updated_at") VALUES ($1,$2,$3,$4,$5,$6,$7,$8) RETURNING "public"."users"."id", "public"."users"."email", "public"."users"."password_hash", "public"."users"."first_name", "public"."users"."last_name", "public"."users"."phone", "public"."users"."avatar_url", "public"."users"."email_verified_at", "public"."users"."is_active", "public"."users"."created_at", "public"."users"."updated_at", "public"."users"."deleted_at"
[0mPOST /api/users [32m201[0m 77.772 ms - 302[0m
[0mPOST /api/owners [33m400[0m 0.959 ms - 194[0m
[0mPOST /api/owners [33m401[0m 0.600 ms - 66[0m
[0mPOST /api/owners [33m401[0m 0.462 ms - 66[0m
prisma:query SELECT "public"."users"."id", "public"."users"."email", "public"."users"."password_hash", "public"."users"."first_name", "public"."users"."last_name", "public"."users"."phone", "public"."users"."avatar_url", "public"."users"."email_verified_at", "public"."users"."is_active", "public"."users"."created_at", "public"."users"."updated_at", "public"."users"."deleted_at" FROM "public"."users" WHERE ("public"."users"."email" = $1 AND 1=1) LIMIT $2 OFFSET $3
prisma:query SELECT "public"."user_roles"."id", "public"."user_roles"."user_id", "public"."user_roles"."role_id", "public"."user_roles"."consortium_id", "public"."user_roles"."created_at", "public"."user_roles"."updated_at", "public"."user_roles"."deleted_at" FROM "public"."user_roles" WHERE ("public"."user_roles"."deleted_at" IS NULL AND "public"."user_roles"."user_id" = $1) OFFSET $2
prisma:query SELECT "public"."roles"."id", "public"."roles"."name"::text, "public"."roles"."description", "public"."roles"."created_at", "public"."roles"."updated_at", "public"."roles"."deleted_at" FROM "public"."roles" WHERE "public"."roles"."id" IN ($1) OFFSET $2
[0mPOST /api/auth/login [32m200[0m 136.709 ms - 815[0m
prisma:query SELECT "public"."users"."id", "public"."users"."email", "public"."users"."password_hash", "public"."users"."first_name", "public"."users"."last_name", "public"."users"."phone", "public"."users"."avatar_url", "public"."users"."email_verified_at", "public"."users"."is_active", "public"."users"."created_at", "public"."users"."updated_at", "public"."users"."deleted_at" FROM "public"."users" WHERE ("public"."users"."email" = $1 AND 1=1) LIMIT $2 OFFSET $3
prisma:query INSERT INTO "public"."users" ("id","email","password_hash","first_name","last_name","is_active","created_at","updated_at") VALUES ($1,$2,$3,$4,$5,$6,$7,$8) RETURNING "public"."users"."id", "public"."users"."email", "public"."users"."password_hash", "public"."users"."first_name", "public"."users"."last_name", "public"."users"."phone", "public"."users"."avatar_url", "public"."users"."email_verified_at", "public"."users"."is_active", "public"."users"."created_at", "public"."users"."updated_at", "public"."users"."deleted_at"
[0mPOST /api/users [32m201[0m 74.347 ms - 305[0m
[0mPOST /api/owners [33m400[0m 0.837 ms - 194[0m
[0mPOST /api/users [33m400[0m 0.799 ms - 194[0m
[0mPOST /api/tenants [33m400[0m 1.109 ms - 194[0m
prisma:query SELECT "public"."users"."id", "public"."users"."email", "public"."users"."password_hash", "public"."users"."first_name", "public"."users"."last_name", "public"."users"."phone", "public"."users"."avatar_url", "public"."users"."email_verified_at", "public"."users"."is_active", "public"."users"."created_at", "public"."users"."updated_at", "public"."users"."deleted_at" FROM "public"."users" WHERE ("public"."users"."email" = $1 AND 1=1) LIMIT $2 OFFSET $3
prisma:query SELECT "public"."user_roles"."id", "public"."user_roles"."user_id", "public"."user_roles"."role_id", "public"."user_roles"."consortium_id", "public"."user_roles"."created_at", "public"."user_roles"."updated_at", "public"."user_roles"."deleted_at" FROM "public"."user_roles" WHERE ("public"."user_roles"."deleted_at" IS NULL AND "public"."user_roles"."user_id" = $1) OFFSET $2
prisma:query SELECT "public"."roles"."id", "public"."roles"."name"::text, "public"."roles"."description", "public"."roles"."created_at", "public"."roles"."updated_at", "public"."roles"."deleted_at" FROM "public"."roles" WHERE "public"."roles"."id" IN ($1) OFFSET $2
[0mPOST /api/auth/login [32m200[0m 128.126 ms - 815[0m
prisma:query SELECT "public"."users"."id", "public"."users"."email", "public"."users"."password_hash", "public"."users"."first_name", "public"."users"."last_name", "public"."users"."phone", "public"."users"."avatar_url", "public"."users"."email_verified_at", "public"."users"."is_active", "public"."users"."created_at", "public"."users"."updated_at", "public"."users"."deleted_at" FROM "public"."users" WHERE ("public"."users"."email" = $1 AND 1=1) LIMIT $2 OFFSET $3
prisma:query INSERT INTO "public"."users" ("id","email","password_hash","first_name","last_name","is_active","created_at","updated_at") VALUES ($1,$2,$3,$4,$5,$6,$7,$8) RETURNING "public"."users"."id", "public"."users"."email", "public"."users"."password_hash", "public"."users"."first_name", "public"."users"."last_name", "public"."users"."phone", "public"."users"."avatar_url", "public"."users"."email_verified_at", "public"."users"."is_active", "public"."users"."created_at", "public"."users"."updated_at", "public"."users"."deleted_at"
[0mPOST /api/users [32m201[0m 78.232 ms - 309[0m
prisma:query SELECT "public"."users"."id", "public"."users"."email", "public"."users"."password_hash", "public"."users"."first_name", "public"."users"."last_name", "public"."users"."phone", "public"."users"."avatar_url", "public"."users"."email_verified_at", "public"."users"."is_active", "public"."users"."created_at", "public"."users"."updated_at", "public"."users"."deleted_at" FROM "public"."users" WHERE ("public"."users"."id" = $1 AND "public"."users"."deleted_at" IS NULL) LIMIT $2 OFFSET $3
prisma:query SELECT "public"."owners"."id", "public"."owners"."user_id", "public"."owners"."dni", "public"."owners"."tax_id", "public"."owners"."bank_info", "public"."owners"."notes", "public"."owners"."created_at", "public"."owners"."updated_at", "public"."owners"."deleted_at" FROM "public"."owners" WHERE ("public"."owners"."user_id" = $1 AND "public"."owners"."deleted_at" IS NULL) LIMIT $2 OFFSET $3
prisma:query SELECT "public"."owners"."id", "public"."owners"."user_id", "public"."owners"."dni", "public"."owners"."tax_id", "public"."owners"."bank_info", "public"."owners"."notes", "public"."owners"."created_at", "public"."owners"."updated_at", "public"."owners"."deleted_at" FROM "public"."owners" WHERE ("public"."owners"."dni" = $1 AND "public"."owners"."deleted_at" IS NULL) LIMIT $2 OFFSET $3
prisma:query INSERT INTO "public"."owners" ("id","user_id","dni","tax_id","bank_info","notes","created_at","updated_at") VALUES ($1,$2,$3,$4,$5,$6,$7,$8) RETURNING "public"."owners"."id"
prisma:query SELECT "public"."owners"."id", "public"."owners"."user_id", "public"."owners"."dni", "public"."owners"."tax_id", "public"."owners"."bank_info", "public"."owners"."notes", "public"."owners"."created_at", "public"."owners"."updated_at", "public"."owners"."deleted_at" FROM "public"."owners" WHERE "public"."owners"."id" = $1 LIMIT $2 OFFSET $3
prisma:query SELECT "public"."users"."id", "public"."users"."email", "public"."users"."first_name", "public"."users"."last_name" FROM "public"."users" WHERE "public"."users"."id" = $1 OFFSET $2
prisma:query COMMIT
[0mPOST /api/owners [32m201[0m 65.220 ms - 419[0m
[0mPOST /api/auth/login [33m429[0m 0.997 ms - 103[0m
[0mPOST /api/users [33m401[0m 0.693 ms - 66[0m
[0mPOST /api/tenants [33m401[0m 0.465 ms - 66[0m
[0mPOST /api/users [33m401[0m 0.534 ms - 66[0m
[0mPOST /api/auth/login [33m429[0m 0.478 ms - 103[0m
[ELIFECYCLE] Command failed with exit code 4294967295.
