$ ts-node-dev --respawn --transpile-only src/server.ts
[ERROR] SyntaxError: Expected property name or '}' in JSON at position 1 (line 1 column 2)
    at JSON.parse (<anonymous>)
    at parse (D:\Astro\Consolink\backend\node_modules\.pnpm\body-parser@2.3.0\node_modules\body-parser\lib\types\json.js:91:21)
    at D:\Astro\Consolink\backend\node_modules\.pnpm\body-parser@2.3.0\node_modules\body-parser\lib\read.js:162:18
    at AsyncResource.runInAsyncScope (node:async_hooks:227:14)
    at invokeCallback (D:\Astro\Consolink\backend\node_modules\.pnpm\raw-body@3.0.2\node_modules\raw-body\index.js:238:16)
    at done (D:\Astro\Consolink\backend\node_modules\.pnpm\raw-body@3.0.2\node_modules\raw-body\index.js:227:7)
    at IncomingMessage.onEnd (D:\Astro\Consolink\backend\node_modules\.pnpm\raw-body@3.0.2\node_modules\raw-body\index.js:287:7)
    at IncomingMessage.emit (node:events:509:28)
    at endReadableNT (node:internal/streams/readable:1735:12)
    at processTicksAndRejections (node:internal/process/task_queues:90:21) {
  expose: true,
  statusCode: 400,
  status: 400,
  body: '{email:admin@consolink.com,password:admin123}',
  type: 'entity.parse.failed'
}
(node:18544) DeprecationWarning: Calling client.query() when the client is already executing a query is deprecated and will be removed in pg@9.0. Use async/await or an external async flow control mechanism instead.
(Use `node --trace-deprecation ...` to show where the warning was created)
