[2m00:14:03[22m [34m[@astrojs/node][39m Enabling sessions with filesystem storage
[2m00:14:04[22m [34m[vite][39m connected.
[2m00:14:06[22m [34m[types][39m Generated [2m2ms[22m
[2m00:14:06[22m [34m[vite][39m connected.
[2m00:14:06[22m [34m[vite][39m Re-optimizing dependencies because vite config has changed
[42m[1m astro [22m[49m [32mv7.0.2[39m [2mready in[22m 4264 [2mms[22m
[2m┃[22m Local    [36mhttp://localhost:4321/[39m
[2m┃[22m Network  [2muse --host to expose[22m
[2m00:14:06[22m [32mwatching for file changes...[39m
[2m00:14:08[22m [34m[vite][39m [optimizer] bundling dependencies...
[2m00:14:08[22m [34m[200][39m / [2m115ms[22m
[2m00:14:11[22m [33m[302][39m /dashboard/propietarios [2m20ms[22m
[2m00:14:11[22m [34m[200][39m /login [2m57ms[22m
[2m00:14:11[22m [33m[302][39m /dashboard/inquilinos [2m20ms[22m
[2m00:14:11[22m [34m[200][39m /login [2m6ms[22m
[2m00:14:11[22m [33m[302][39m /dashboard/encargados [2m23ms[22m
[2m00:14:11[22m [34m[200][39m /login [2m4ms[22m
[2m00:15:11[22m [33m[302][39m /dashboard [2m39ms[22m
[2m00:15:11[22m [34m[200][39m /login [2m7ms[22m
[2m00:15:11[22m [33m[302][39m /dashboard/inquilinos [2m2ms[22m
[2m00:15:11[22m [34m[200][39m /login [2m7ms[22m
[2m00:15:11[22m [33m[302][39m /dashboard/encargados [2m2ms[22m
[2m00:15:11[22m [34m[200][39m /login [2m5ms[22m
[ELIFECYCLE] Command failed with exit code 4294967295.
